<?xml version='1.0' encoding='UTF-8'?>
<testsuite hostname="asachdeva-Precision-5540" name="com.example.cart.modules.ShoppingCartServiceSpec" tests="13" errors="0" failures="0" skipped="0" time="0.561" timestamp="2023-07-06T18:15:26">
          <properties>
      <property name="awt.toolkit" value="sun.awt.X11.XToolkit"/><property name="java.specification.version" value="11"/><property name="sun.cpu.isalist" value=""/><property name="sun.jnu.encoding" value="UTF-8"/><property name="sun.arch.data.model" value="64"/><property name="java.vendor.url" value="https://ubuntu.com/"/><property name="sun.boot.library.path" value="/usr/lib/jvm/java-11-openjdk-amd64/lib"/><property name="sun.java.command" value="/home/asachdeva/.sdkman/candidates/sbt/1.9.1/bin/sbt-launch.jar"/><property name="jdk.debug" value="release"/><property name="java.specification.vendor" value="Oracle Corporation"/><property name="java.version.date" value="2023-04-18"/><property name="java.home" value="/usr/lib/jvm/java-11-openjdk-amd64"/><property name="file.separator" value="/"/><property name="java.vm.compressedOopsMode" value="Zero based"/><property name="line.separator" value="
"/><property name="java.specification.name" value="Java Platform API Specification"/><property name="java.vm.specification.vendor" value="Oracle Corporation"/><property name="sun.management.compiler" value="HotSpot 64-Bit Tiered Compilers"/><property name="java.runtime.version" value="11.0.19+7-post-Ubuntu-0ubuntu118.04.1"/><property name="user.name" value="asachdeva"/><property name="log4j.ignoreTCL" value="true"/><property name="file.encoding" value="UTF-8"/><property name="jnidispatch.path" value="/home/asachdeva/.cache/JNA/temp/jna14346746226132079904.tmp"/><property name="jna.loaded" value="true"/><property name="java.io.tmpdir" value="/tmp"/><property name="java.version" value="11.0.19"/><property name="java.vm.specification.name" value="Java Virtual Machine Specification"/><property name="java.awt.printerjob" value="sun.print.PSPrinterJob"/><property name="sun.os.patch.level" value="unknown"/><property name="java.library.path" value="/usr/java/packages/lib:/usr/lib/x86_64-linux-gnu/jni:/lib/x86_64-linux-gnu:/usr/lib/x86_64-linux-gnu:/usr/lib/jni:/lib:/usr/lib"/><property name="java.vendor" value="Ubuntu"/><property name="scala.ext.dirs" value="/home/asachdeva/.sbt/1.0/java9-rt-ext-ubuntu_11_0_19"/><property name="sun.io.unicode.encoding" value="UnicodeLittle"/><property name="sun.desktop" value="gnome"/><property name="java.class.path" value="/home/asachdeva/.sdkman/candidates/sbt/1.9.1/bin/sbt-launch.jar"/><property name="java.vm.vendor" value="Ubuntu"/><property name="jline.shutdownhook" value="false"/><property name="user.timezone" value="America/Chicago"/><property name="os.name" value="Linux"/><property name="java.vm.specification.version" value="11"/><property name="sun.java.launcher" value="SUN_STANDARD"/><property name="user.country" value="US"/><property name="sun.cpu.endian" value="little"/><property name="user.home" value="/home/asachdeva"/><property name="user.language" value="en"/><property name="sbt.script" value="/home/asachdeva/.sdkman/candidates/sbt/current/bin/sbt"/><property name="sbt.ipcsocket.tmpdir" value="/run/user/1001/.sbt/ipcsocket"/><property name="swoval.tmpdir" value="/run/user/1001/.sbt/swoval"/><property name="java.awt.graphicsenv" value="sun.awt.X11GraphicsEnvironment"/><property name="jline.esc.timeout" value="0"/><property name="path.separator" value=":"/><property name="os.version" value="5.4.0-150-generic"/><property name="jna.nosys" value="true"/><property name="java.runtime.name" value="OpenJDK Runtime Environment"/><property name="java.vm.name" value="OpenJDK 64-Bit Server VM"/><property name="jna.platform.library.path" value="/usr/lib/x86_64-linux-gnu:/lib/x86_64-linux-gnu:/lib64:/usr/lib:/lib:/usr/lib/i386-linux-gnu:/lib/i386-linux-gnu"/><property name="java.vendor.url.bug" value="https://bugs.launchpad.net/ubuntu/+source/openjdk-lts"/><property name="user.dir" value="/home/asachdeva/work/ce3-shopping-cart"/><property name="os.arch" value="amd64"/><property name="java.vm.info" value="mixed mode, sharing"/><property name="java.vm.version" value="11.0.19+7-post-Ubuntu-0ubuntu118.04.1"/><property name="java.class.version" value="55.0"/>
    </properties>
          <testcase classname="com.example.cart.modules.ShoppingCartServiceSpec" name="can add a single product to the shopping cart" time="0.37">
                      
                    </testcase><testcase classname="com.example.cart.modules.ShoppingCartServiceSpec" name="can add a list of the same products to shopping cart" time="0.015">
                      
                    </testcase><testcase classname="com.example.cart.modules.ShoppingCartServiceSpec" name="can add a list of different products to the shopping cart" time="0.065">
                      
                    </testcase><testcase classname="com.example.cart.modules.ShoppingCartServiceSpec" name="can add an empty list to the shopping cart" time="0.002">
                      
                    </testcase><testcase classname="com.example.cart.modules.ShoppingCartServiceSpec" name="can call add more than once for the correct value" time="0.018">
                      
                    </testcase><testcase classname="com.example.cart.modules.ShoppingCartServiceSpec" name="can calculate the cart subtotal for a single product" time="0.014">
                      
                    </testcase><testcase classname="com.example.cart.modules.ShoppingCartServiceSpec" name="can calculate the cart subtotal for a list of the same product" time="0.011">
                      
                    </testcase><testcase classname="com.example.cart.modules.ShoppingCartServiceSpec" name="can calculate the cart subtotal for a list of different products" time="0.025">
                      
                    </testcase><testcase classname="com.example.cart.modules.ShoppingCartServiceSpec" name="can calculate the cart subtotal for an empty cart" time="0.002">
                      
                    </testcase><testcase classname="com.example.cart.modules.ShoppingCartServiceSpec" name="can calculate the cart tax for a single product" time="0.009">
                      
                    </testcase><testcase classname="com.example.cart.modules.ShoppingCartServiceSpec" name="can calculate the cart tax for a list of the same product" time="0.008">
                      
                    </testcase><testcase classname="com.example.cart.modules.ShoppingCartServiceSpec" name="can calculate the cart tax for a list of different products" time="0.021">
                      
                    </testcase><testcase classname="com.example.cart.modules.ShoppingCartServiceSpec" name="can calculate the cart tax for an empty cart" time="0.001">
                      
                    </testcase>
          <system-out><![CDATA[]]></system-out>
          <system-err><![CDATA[]]></system-err>
        </testsuite>